2025-06-01 01:33:15,499 - INFO - Nodes connected: 1 -> 2
2025-06-01 01:33:47,448 - INFO - Image loaded successfully: c:\Users\PC_User\Desktop\arcella_mono.jpg
2025-06-01 01:33:48,928 - INFO - Image displayed successfully
2025-06-01 01:33:48,928 - INFO - Nodes connected: 1 -> 2
2025-06-01 01:47:52,869 - INFO - Nodes connected: 1 -> 2 (link: 23)
2025-06-01 01:49:12,119 - INFO - Updating display node 2 with data from input node 1
2025-06-01 01:49:12,119 - INFO - Input data exists: False
2025-06-01 01:49:12,119 - INFO - No input data, clearing display node
2025-06-01 01:49:12,119 - INFO - Nodes connected: 1 -> 2 (link: 23)
2025-06-01 01:49:12,119 - INFO - Updated connections: {(1, 2)}
2025-06-01 01:49:21,766 - INFO - Updating display node 2 with data from input node 1
2025-06-01 01:49:21,766 - INFO - Input data exists: False
2025-06-01 01:49:21,766 - INFO - No input data, clearing display node
2025-06-01 01:49:21,766 - INFO - Nodes connected: 1 -> 2 (link: 23)
2025-06-01 01:49:21,766 - INFO - Updated connections: {(1, 2)}
2025-06-01 01:50:23,127 - INFO - Nodes connected: 1 -> 2 (link: 23)
2025-06-01 01:50:23,127 - INFO - Updated connections: {(1, 2)}
2025-06-01 01:50:23,127 - INFO - Input node 1 has no image data yet
2025-06-01 01:50:32,809 - INFO - Loading image to node 1: c:\Users\PC_User\Desktop\arcella_mono.jpg
2025-06-01 01:50:32,827 - INFO - Image loaded successfully: c:\Users\PC_User\Desktop\arcella_mono.jpg
2025-06-01 01:50:32,827 - INFO - Image shape: (645, 645, 3)
2025-06-01 01:50:32,827 - INFO - Node 1 image_data status: True
2025-06-01 01:50:32,827 - INFO - Updating connected display nodes for input node 1
2025-06-01 01:50:32,827 - INFO - Current connections: {(1, 2)}
2025-06-01 01:50:32,827 - INFO - Input node 1 has image data: True
2025-06-01 01:50:32,827 - INFO - Updating display node 2
2025-06-01 01:50:32,827 - INFO - Updating display node 2 with data from input node 1
2025-06-01 01:50:32,827 - INFO - Input data exists: True
2025-06-01 01:50:32,828 - INFO - New texture created: 41
2025-06-01 01:50:32,828 - INFO - Old image widget deleted
2025-06-01 01:50:32,828 - INFO - Image displayed successfully
2025-06-01 01:50:43,784 - INFO - Loading image to node 1: c:\Users\PC_User\Desktop\a_noshell2_01193.jpg
2025-06-01 01:50:43,802 - INFO - Image loaded successfully: c:\Users\PC_User\Desktop\a_noshell2_01193.jpg
2025-06-01 01:50:43,803 - INFO - Image shape: (968, 968, 3)
2025-06-01 01:50:43,803 - INFO - Node 1 image_data status: True
2025-06-01 01:50:43,803 - INFO - Updating connected display nodes for input node 1
2025-06-01 01:50:43,803 - INFO - Current connections: {(1, 2)}
2025-06-01 01:50:43,803 - INFO - Input node 1 has image data: True
2025-06-01 01:50:43,803 - INFO - Updating display node 2
2025-06-01 01:50:43,803 - INFO - Updating display node 2 with data from input node 1
2025-06-01 01:50:43,803 - INFO - Input data exists: True
2025-06-01 01:50:43,803 - INFO - Old texture deleted
2025-06-01 01:50:43,804 - INFO - New texture created: 49
2025-06-01 01:50:43,806 - INFO - Old image widget deleted
2025-06-01 01:50:43,806 - INFO - Image displayed successfully
2025-06-01 01:51:49,414 - INFO - Nodes connected: 1 -> 2 (link: 23)
2025-06-01 01:51:49,429 - INFO - Updated connections: {(1, 2)}
2025-06-01 01:51:49,429 - INFO - Input node 1 has no image data yet
2025-06-01 01:52:14,411 - INFO - Nodes connected: 1 -> 2 (link: 23)
2025-06-01 01:52:14,413 - INFO - Updated connections: {(1, 2)}
2025-06-01 01:52:14,413 - INFO - Input node 1 has no image data yet
